[2023-06-15 00:04:33] INFO root fetch - main [MainThread]: Get Changelog since Serial: [18507363]
[2023-06-15 00:04:38] INFO root fetch - main [MainThread]: Found 9 changed packages
[2023-06-15 00:04:38] INFO root fetch - processPackages [ThreadPoolExecutor-0_0]: Start processing: prince
[2023-06-15 00:04:38] INFO root fetch - processPackages [ThreadPoolExecutor-0_1]: Start processing: contact-magic
[2023-06-15 00:04:38] INFO root fetch - processPackages [ThreadPoolExecutor-0_2]: Start processing: repetita-parser
[2023-06-15 00:04:38] INFO root fetch - processPackages [ThreadPoolExecutor-0_3]: Start processing: dataquality
[2023-06-15 00:04:38] INFO root fetch - processPackages [ThreadPoolExecutor-0_4]: Start processing: sidewinder-db
[2023-06-15 00:04:38] INFO root fetch - processPackages [ThreadPoolExecutor-0_5]: Start processing: cdklabs.cdk-aws-sagemaker-role-manager
[2023-06-15 00:04:38] INFO root fetch - processPackages [ThreadPoolExecutor-0_6]: Start processing: Geode-Simplex
[2023-06-15 00:04:38] INFO root fetch - processPackages [ThreadPoolExecutor-0_7]: Start processing: limes-x
[2023-06-15 00:04:38] INFO root fetch - processPackages [ThreadPoolExecutor-0_8]: Start processing: esentity
[2023-06-15 00:04:38] INFO root fetch - processPackages [cdklabs.cdk-aws-sagemaker-role-manager]: New version: [0.0.9] Old Version: [0.0.8]
[2023-06-15 00:04:38] INFO root fetch - processPackages [contact-magic]: New version: [0.5.0] Old Version: [0.4.3]
[2023-06-15 00:04:38] INFO root fetch - processPackages [limes-x]: New version: [1.1.8] Old Version: [1.1.7]
[2023-06-15 00:04:38] INFO root fetch - processPackages [repetita-parser]: New version: [1.0.1] Old Version: [1.0.0]
[2023-06-15 00:04:38] INFO root fetch - processPackages [sidewinder-db]: New version: [0.0.9] Old Version: [0.0.8]
[2023-06-15 00:04:38] INFO root fetch - processPackages [Geode-Simplex]: New version: [6.0.9] Old Version: [6.0.8]
[2023-06-15 00:04:38] INFO root fetch - processPackages [dataquality]: New version: [0.8.9] Old Version: [0.8.8a0]
[2023-06-15 00:04:38] INFO root fetch - processPackages [esentity]: New version: [0.2.99] Old Version: [0.2.98]
[2023-06-15 00:04:38] INFO root fetch - processPackages [cdklabs.cdk-aws-sagemaker-role-manager]: Downloading https://files.pythonhosted.org/packages/50/d6/9a0c44969b0f89944eb3ea8f3f076c16fd66df588ddcde849d9fa38efdbe/cdklabs.cdk-aws-sagemaker-role-manager-0.0.8.tar.gz
[2023-06-15 00:04:38] INFO root fetch - processPackages [limes-x]: Downloading https://files.pythonhosted.org/packages/96/85/c35f83900cfc0e75f27673cceecd10b5165b3f233e4ea002ddf43d650e8c/limes_x-1.1.7-py3-none-any.whl
[2023-06-15 00:04:38] INFO root fetch - processPackages [repetita-parser]: Downloading https://files.pythonhosted.org/packages/2a/a7/5d22358ce92590f0125fcccabfeb9255eca329a3c396fd1fbff681b39e66/repetita_parser-1.0.0.tar.gz
[2023-06-15 00:04:38] INFO root fetch - processPackages [sidewinder-db]: Downloading https://files.pythonhosted.org/packages/41/8c/4962d301dbebe1579580beddfee1d2e67b820f27a1cf41283445c7219faa/sidewinder-db-0.0.8.tar.gz
[2023-06-15 00:04:38] INFO root fetch - processPackages [prince]: New version: [0.9.0] Old Version: [0.8.3]
[2023-06-15 00:04:38] INFO root fetch - processPackages [dataquality]: Downloading https://files.pythonhosted.org/packages/ec/c0/a67c048905f2c652971d55ff82c30b8a749cfdd800d5119bb8accf3770bc/dataquality-0.8.8a0.tar.gz
[2023-06-15 00:04:39] INFO root fetch - processPackages [Geode-Simplex]: Downloading https://files.pythonhosted.org/packages/71/fe/525adfc16647206017d2898a9f436996bc906ecd86240a5d0bac16555638/Geode_Simplex-6.0.8-cp39-cp39-win_amd64.whl
[2023-06-15 00:04:39] INFO root fetch - processPackages [esentity]: Downloading https://files.pythonhosted.org/packages/1e/9f/e0a6280d40e9cb6e3dfaa2e923b81a0d650931aa948d73ca9a8a3fbf219d/esentity-0.2.98.tar.gz
[2023-06-15 00:04:39] INFO root fetch - processPackages [contact-magic]: Downloading https://files.pythonhosted.org/packages/ef/3a/de531d92d4ed8dd21e064fff38704717e3663e9949383ec66a56bbefb81d/contact_magic-0.4.3.tar.gz
[2023-06-15 00:04:39] INFO root fetch - processPackages [repetita-parser]: Downloading https://files.pythonhosted.org/packages/40/05/8a86898ff6557d950033e0f661e8207e955b01b513b7bfe329c3c4230526/repetita_parser-1.0.1.tar.gz
[2023-06-15 00:04:39] INFO root fetch - processPackages [sidewinder-db]: Downloading https://files.pythonhosted.org/packages/b4/1e/90ca024c383d5af900d01d83653527bcf952ac605ca5599cb8668cc17609/sidewinder-db-0.0.9.tar.gz
[2023-06-15 00:04:39] INFO root fetch - processPackages [limes-x]: Downloading https://files.pythonhosted.org/packages/03/6c/a626827abb608424bbdcfa57328bd3e0575bf857473ea20ba0a59e0217f5/limes_x-1.1.8-py3-none-any.whl
[2023-06-15 00:04:39] INFO root fetch - processPackages [prince]: Downloading https://files.pythonhosted.org/packages/20/7d/52da375fe09db5d8d44708f57d6f3e5c60f6aa30e952f7c6d83c85446460/prince-0.8.3.tar.gz
[2023-06-15 00:04:39] INFO root fetch - processPackages [dataquality]: Downloading https://files.pythonhosted.org/packages/91/1e/b93106f778087ce05e7c356ffd9a6a6062c6e62a84bf3f9d4eb655b16850/dataquality-0.8.9.tar.gz
[2023-06-15 00:04:39] INFO root fetch - processPackages [repetita-parser]: executing diffoscope
[2023-06-15 00:04:39] INFO root fetch - processPackages [repetita-parser]: podman run --user 0:0 --rm -w /home/abi/fetcher -v /home/abi/fetcher/tmp:/home/abi/fetcher/tmp:ro -v /home/abi/fetcher/20230615:/home/abi/fetcher/20230615:rw registry.salsa.debian.org/reproducible-builds/diffoscope --no-progress tmp/repetita_parser-1.0.0.tar.gz tmp/repetita_parser-1.0.1.tar.gz --markdown 20230615/r/repetita-parser/1.0.0-1.0.1/diff.md --exclude *.pyd
[2023-06-15 00:04:39] INFO root fetch - processPackages [limes-x]: executing diffoscope
[2023-06-15 00:04:39] INFO root fetch - processPackages [limes-x]: podman run --user 0:0 --rm -w /home/abi/fetcher -v /home/abi/fetcher/tmp:/home/abi/fetcher/tmp:ro -v /home/abi/fetcher/20230615:/home/abi/fetcher/20230615:rw registry.salsa.debian.org/reproducible-builds/diffoscope --no-progress tmp/limes_x-1.1.7-py3-none-any.whl.zip tmp/limes_x-1.1.8-py3-none-any.whl.zip --markdown 20230615/l/limes-x/1.1.7-1.1.8/diff.md --exclude *.pyd
[2023-06-15 00:04:39] INFO root fetch - processPackages [sidewinder-db]: executing diffoscope
[2023-06-15 00:04:39] INFO root fetch - processPackages [sidewinder-db]: podman run --user 0:0 --rm -w /home/abi/fetcher -v /home/abi/fetcher/tmp:/home/abi/fetcher/tmp:ro -v /home/abi/fetcher/20230615:/home/abi/fetcher/20230615:rw registry.salsa.debian.org/reproducible-builds/diffoscope --no-progress tmp/sidewinder-db-0.0.8.tar.gz tmp/sidewinder-db-0.0.9.tar.gz --markdown 20230615/s/sidewinder-db/0.0.8-0.0.9/diff.md --exclude *.pyd
[2023-06-15 00:04:39] INFO root fetch - processPackages [dataquality]: executing diffoscope
[2023-06-15 00:04:39] INFO root fetch - processPackages [dataquality]: podman run --user 0:0 --rm -w /home/abi/fetcher -v /home/abi/fetcher/tmp:/home/abi/fetcher/tmp:ro -v /home/abi/fetcher/20230615:/home/abi/fetcher/20230615:rw registry.salsa.debian.org/reproducible-builds/diffoscope --no-progress tmp/dataquality-0.8.8a0.tar.gz tmp/dataquality-0.8.9.tar.gz --markdown 20230615/d/dataquality/0.8.8a0-0.8.9/diff.md --exclude *.pyd
[2023-06-15 00:04:39] INFO root fetch - processPackages [cdklabs.cdk-aws-sagemaker-role-manager]: Downloading https://files.pythonhosted.org/packages/71/17/ab8131f60f8d9a1f8cccdf6c064ec9872549f45bc2d55adcb658cff8550d/cdklabs.cdk-aws-sagemaker-role-manager-0.0.9.tar.gz
[2023-06-15 00:04:39] INFO root fetch - processPackages [cdklabs.cdk-aws-sagemaker-role-manager]: executing diffoscope
[2023-06-15 00:04:39] INFO root fetch - processPackages [cdklabs.cdk-aws-sagemaker-role-manager]: podman run --user 0:0 --rm -w /home/abi/fetcher -v /home/abi/fetcher/tmp:/home/abi/fetcher/tmp:ro -v /home/abi/fetcher/20230615:/home/abi/fetcher/20230615:rw registry.salsa.debian.org/reproducible-builds/diffoscope --no-progress tmp/cdklabs.cdk-aws-sagemaker-role-manager-0.0.8.tar.gz tmp/cdklabs.cdk-aws-sagemaker-role-manager-0.0.9.tar.gz --markdown 20230615/c/cdklabs.cdk-aws-sagemaker-role-manager/0.0.8-0.0.9/diff.md --exclude *.pyd
[2023-06-15 00:04:39] INFO root fetch - processPackages [contact-magic]: Downloading https://files.pythonhosted.org/packages/2d/19/ec1b660b6380e958a2897bb4711f486ed1f16cd2cfdee6440e138ef96757/contact_magic-0.5.0.tar.gz
[2023-06-15 00:04:39] INFO root fetch - processPackages [contact-magic]: executing diffoscope
[2023-06-15 00:04:39] INFO root fetch - processPackages [contact-magic]: podman run --user 0:0 --rm -w /home/abi/fetcher -v /home/abi/fetcher/tmp:/home/abi/fetcher/tmp:ro -v /home/abi/fetcher/20230615:/home/abi/fetcher/20230615:rw registry.salsa.debian.org/reproducible-builds/diffoscope --no-progress tmp/contact_magic-0.4.3.tar.gz tmp/contact_magic-0.5.0.tar.gz --markdown 20230615/c/contact-magic/0.4.3-0.5.0/diff.md --exclude *.pyd
[2023-06-15 00:04:39] ERROR root fetch - processPackages [repetita-parser]: Diffoscope failed: Error: error creating container storage: the container name "hopeful_sanderson" is already in use by "b7b63504d6cc83d857150d411d8f225c17483e4456c4521766d1ce64c61d3b5c". You have to remove that container to be able to reuse that name.: that name is already in use

[2023-06-15 00:04:39] INFO root fetch - main [MainThread]: End processing [repetita-parser] error
[2023-06-15 00:04:39] INFO root fetch - processPackages [esentity]: Downloading https://files.pythonhosted.org/packages/c8/5b/c12322aa6c71e3e0da12b137cf7fef6f67acbd686b0adeaffba5426fd63b/esentity-0.2.99.tar.gz
[2023-06-15 00:04:39] INFO root fetch - processPackages [prince]: Downloading https://files.pythonhosted.org/packages/6b/b3/f75ebfb9886bcbb05ca47cb403dd13dc064d168f15a6f3d7e0cd3b6861c4/prince-0.9.0.tar.gz
[2023-06-15 00:04:39] INFO root fetch - processPackages [Geode-Simplex]: Downloading https://files.pythonhosted.org/packages/8f/99/93562b28a43421a18cd68c1a4e0a811721a99e39d3720642e78a9b79550b/Geode_Simplex-6.0.9-cp39-cp39-win_amd64.whl
[2023-06-15 00:04:39] INFO root fetch - processPackages [esentity]: executing diffoscope
[2023-06-15 00:04:39] INFO root fetch - processPackages [esentity]: podman run --user 0:0 --rm -w /home/abi/fetcher -v /home/abi/fetcher/tmp:/home/abi/fetcher/tmp:ro -v /home/abi/fetcher/20230615:/home/abi/fetcher/20230615:rw registry.salsa.debian.org/reproducible-builds/diffoscope --no-progress tmp/esentity-0.2.98.tar.gz tmp/esentity-0.2.99.tar.gz --markdown 20230615/e/esentity/0.2.98-0.2.99/diff.md --exclude *.pyd
[2023-06-15 00:04:40] INFO root fetch - processPackages [Geode-Simplex]: executing diffoscope
[2023-06-15 00:04:40] INFO root fetch - processPackages [Geode-Simplex]: podman run --user 0:0 --rm -w /home/abi/fetcher -v /home/abi/fetcher/tmp:/home/abi/fetcher/tmp:ro -v /home/abi/fetcher/20230615:/home/abi/fetcher/20230615:rw registry.salsa.debian.org/reproducible-builds/diffoscope --no-progress tmp/Geode_Simplex-6.0.8-cp39-cp39-win_amd64.whl.zip tmp/Geode_Simplex-6.0.9-cp39-cp39-win_amd64.whl.zip --markdown 20230615/G/Geode-Simplex/6.0.8-6.0.9/diff.md --exclude *.pyd
[2023-06-15 00:04:40] INFO root fetch - processPackages [prince]: executing diffoscope
[2023-06-15 00:04:40] INFO root fetch - processPackages [prince]: podman run --user 0:0 --rm -w /home/abi/fetcher -v /home/abi/fetcher/tmp:/home/abi/fetcher/tmp:ro -v /home/abi/fetcher/20230615:/home/abi/fetcher/20230615:rw registry.salsa.debian.org/reproducible-builds/diffoscope --no-progress tmp/prince-0.8.3.tar.gz tmp/prince-0.9.0.tar.gz --markdown 20230615/p/prince/0.8.3-0.9.0/diff.md --exclude *.pyd
[2023-06-15 00:04:40] INFO root fetch - processPackages [contact-magic]: Remove: archive file [/home/abi/fetcher/tmp/contact_magic-0.4.3.tar.gz]
[2023-06-15 00:04:40] INFO root fetch - processPackages [contact-magic]: Remove: archive file [/home/abi/fetcher/tmp/contact_magic-0.5.0.tar.gz]
[2023-06-15 00:04:40] INFO root fetch - main [MainThread]: End processing [contact-magic]: success
[2023-06-15 00:04:40] INFO root fetch - processPackages [limes-x]: Remove: archive file [/home/abi/fetcher/tmp/limes_x-1.1.7-py3-none-any.whl.zip]
[2023-06-15 00:04:40] INFO root fetch - processPackages [limes-x]: Remove: archive file [/home/abi/fetcher/tmp/limes_x-1.1.8-py3-none-any.whl.zip]
[2023-06-15 00:04:40] INFO root fetch - main [MainThread]: End processing [limes-x]: success
[2023-06-15 00:04:40] INFO root fetch - processPackages [sidewinder-db]: Remove: archive file [/home/abi/fetcher/tmp/sidewinder-db-0.0.8.tar.gz]
[2023-06-15 00:04:40] INFO root fetch - processPackages [sidewinder-db]: Remove: archive file [/home/abi/fetcher/tmp/sidewinder-db-0.0.9.tar.gz]
[2023-06-15 00:04:40] INFO root fetch - main [MainThread]: End processing [sidewinder-db]: success
[2023-06-15 00:04:41] INFO root fetch - processPackages [cdklabs.cdk-aws-sagemaker-role-manager]: Remove: archive file [/home/abi/fetcher/tmp/cdklabs.cdk-aws-sagemaker-role-manager-0.0.8.tar.gz]
[2023-06-15 00:04:41] INFO root fetch - processPackages [cdklabs.cdk-aws-sagemaker-role-manager]: Remove: archive file [/home/abi/fetcher/tmp/cdklabs.cdk-aws-sagemaker-role-manager-0.0.9.tar.gz]
[2023-06-15 00:04:41] INFO root fetch - main [MainThread]: End processing [cdklabs.cdk-aws-sagemaker-role-manager]: success
[2023-06-15 00:04:41] INFO root fetch - processPackages [prince]: Remove: archive file [/home/abi/fetcher/tmp/prince-0.8.3.tar.gz]
[2023-06-15 00:04:41] INFO root fetch - processPackages [prince]: Remove: archive file [/home/abi/fetcher/tmp/prince-0.9.0.tar.gz]
[2023-06-15 00:04:41] INFO root fetch - main [MainThread]: End processing [prince]: success
[2023-06-15 00:04:41] INFO root fetch - processPackages [dataquality]: Remove: archive file [/home/abi/fetcher/tmp/dataquality-0.8.8a0.tar.gz]
[2023-06-15 00:04:41] INFO root fetch - processPackages [dataquality]: Remove: archive file [/home/abi/fetcher/tmp/dataquality-0.8.9.tar.gz]
[2023-06-15 00:04:41] INFO root fetch - main [MainThread]: End processing [dataquality]: success
[2023-06-15 00:04:42] INFO root fetch - processPackages [esentity]: Remove: archive file [/home/abi/fetcher/tmp/esentity-0.2.98.tar.gz]
[2023-06-15 00:04:42] INFO root fetch - processPackages [esentity]: Remove: archive file [/home/abi/fetcher/tmp/esentity-0.2.99.tar.gz]
[2023-06-15 00:04:42] INFO root fetch - main [MainThread]: End processing [esentity]: success
[2023-06-15 00:05:04] INFO root fetch - processPackages [Geode-Simplex]: Remove: archive file [/home/abi/fetcher/tmp/Geode_Simplex-6.0.8-cp39-cp39-win_amd64.whl.zip]
[2023-06-15 00:05:04] INFO root fetch - processPackages [Geode-Simplex]: Remove: archive file [/home/abi/fetcher/tmp/Geode_Simplex-6.0.9-cp39-cp39-win_amd64.whl.zip]
[2023-06-15 00:05:04] INFO root fetch - main [MainThread]: End processing [Geode-Simplex]: success
[2023-06-15 00:05:04] INFO root fetch - main [MainThread]: Store serial: [18507391]
[2023-06-15 00:10:13] INFO root fetch - main [MainThread]: Get Changelog since Serial: [18507391]
[2023-06-15 00:10:18] INFO root fetch - main [MainThread]: Found 15 changed packages
[2023-06-15 00:10:18] INFO root fetch - processPackages [ThreadPoolExecutor-0_0]: Start processing: pyEPR-quantum
[2023-06-15 00:10:18] INFO root fetch - processPackages [ThreadPoolExecutor-0_1]: Start processing: neuralprophet
[2023-06-15 00:10:18] INFO root fetch - processPackages [ThreadPoolExecutor-0_2]: Start processing: repetita-parser
[2023-06-15 00:10:18] INFO root fetch - processPackages [ThreadPoolExecutor-0_3]: Start processing: fese
[2023-06-15 00:10:18] INFO root fetch - processPackages [ThreadPoolExecutor-0_4]: Start processing: dl-myo
[2023-06-15 00:10:18] INFO root fetch - processPackages [ThreadPoolExecutor-0_5]: Start processing: ncbi-datasets-pylib
[2023-06-15 00:10:18] INFO root fetch - processPackages [ThreadPoolExecutor-0_6]: Start processing: fedml
[2023-06-15 00:10:18] INFO root fetch - processPackages [ThreadPoolExecutor-0_7]: Start processing: opening-hours-py
[2023-06-15 00:10:18] INFO root fetch - processPackages [ThreadPoolExecutor-0_8]: Start processing: bisque-metadoc
[2023-06-15 00:10:18] INFO root fetch - processPackages [ThreadPoolExecutor-0_9]: Start processing: aws-cdk.lambda-layer-kubectl-v23
[2023-06-15 00:10:18] INFO root fetch - processPackages [repetita-parser]: New version: [1.0.2] Old Version: [1.0.1]
[2023-06-15 00:10:18] INFO root fetch - processPackages [fese]: New version: [0.2.7] Old Version: [0.1.2]
[2023-06-15 00:10:18] INFO root fetch - processPackages [pyEPR-quantum]: New version: [0.9.0] Old Version: [0.8.5.7]
[2023-06-15 00:10:18] INFO root fetch - processPackages [aws-cdk.lambda-layer-kubectl-v23]: New version: [2.0.8] Old Version: [2.0.7]
[2023-06-15 00:10:18] INFO root fetch - processPackages [neuralprophet]: New version: [1.0.0rc2] Old Version: [1.0.0rc1]
[2023-06-15 00:10:18] INFO root fetch - processPackages [bisque-metadoc]: New version: [0.6.3.26] Old Version: [0.6.3.25]
[2023-06-15 00:10:18] INFO root fetch - processPackages [fedml]: New version: [0.8.4a9] Old Version: [0.8.4a8]
[2023-06-15 00:10:18] INFO root fetch - processPackages [opening-hours-py]: New version: [0.6.9] Old Version: [0.6.7]
[2023-06-15 00:10:18] INFO root fetch - processPackages [dl-myo]: New version: [0.2.0] Old Version: [0.1.6]
[2023-06-15 00:10:18] INFO root fetch - processPackages [ncbi-datasets-pylib]: New version: [9.1.0] Old Version: [9.0.0]
[2023-06-15 00:10:18] INFO root fetch - processPackages [fedml]: Downloading https://files.pythonhosted.org/packages/2d/89/5e240b8c4bde2ab2881929287116b110fb3b2f843b4e4943c85367ef9518/fedml-0.8.4a8.tar.gz
[2023-06-15 00:10:19] INFO root fetch - processPackages [fedml]: Downloading https://files.pythonhosted.org/packages/33/9b/be9e98195d0e435792d20db883ee2ae3f9b661f8bc6a8d98bb9c8a460195/fedml-0.8.4a9.tar.gz
[2023-06-15 00:10:19] INFO root fetch - processPackages [fese]: Downloading https://files.pythonhosted.org/packages/55/35/e75f209244dbf9afdf8cac88bf24fb411b9952d6731a75befe6d6cadb4f2/fese-0.1.2.tar.gz
[2023-06-15 00:10:19] INFO root fetch - processPackages [pyEPR-quantum]: Downloading https://files.pythonhosted.org/packages/de/bb/665cf27dd984f4716df02e7d51c18b7b09ffb1137f4ed3816b8a0169401b/pyEPR-quantum-0.8.5.7.tar.gz
[2023-06-15 00:10:19] INFO root fetch - processPackages [repetita-parser]: Downloading https://files.pythonhosted.org/packages/17/53/6ffd9d65ed67f0d7380ee63e4d55112e1a023efd7879f7b6e608315d94a2/repetita_parser-1.0.2.tar.gz
[2023-06-15 00:10:19] INFO root fetch - processPackages [dl-myo]: Downloading https://files.pythonhosted.org/packages/0a/c2/885a88cee96ca0414ddfb0c55e0ce42462e5520a661e23a22f70f328f31d/dl_myo-0.1.6.tar.gz
[2023-06-15 00:10:19] INFO root fetch - processPackages [neuralprophet]: Downloading https://files.pythonhosted.org/packages/72/e4/d977308f1acbedbe2ee0e42be9e186d046292ebb0843c0aefbd35121caeb/neuralprophet-1.0.0rc1.tar.gz
[2023-06-15 00:10:19] INFO root fetch - processPackages [bisque-metadoc]: Downloading https://files.pythonhosted.org/packages/71/00/629429c0abad4402209f88b4d07df5c21feccde6346f682b86b177e669dd/bisque_metadoc-0.6.3.25-py3-none-any.whl
[2023-06-15 00:10:19] INFO root fetch - processPackages [aws-cdk.lambda-layer-kubectl-v23]: Downloading https://files.pythonhosted.org/packages/24/5f/b9bf1b588f2b15e8195e1d3a4133b28e4f112a76583040ccbfc4d21110cf/aws-cdk.lambda-layer-kubectl-v23-2.0.7.tar.gz
[2023-06-15 00:10:19] INFO root fetch - processPackages [opening-hours-py]: Downloading https://files.pythonhosted.org/packages/9e/ab/159c3f49396c138f2301052a6fe178b1515a6064108bec0f971c33480b9f/opening_hours_py-0.6.7.tar.gz
[2023-06-15 00:10:19] INFO root fetch - processPackages [ncbi-datasets-pylib]: Downloading https://files.pythonhosted.org/packages/ff/d0/5c7c45e275e2c71c22acb9f315a1cbcd706e71659505e30a22bec4a2632b/ncbi-datasets-pylib-9.0.0.tar.gz
[2023-06-15 00:10:19] INFO root fetch - processPackages [fedml]: executing diffoscope
[2023-06-15 00:10:19] INFO root fetch - processPackages [fedml]: podman run --user 0:0 --rm -w /home/abi/fetcher -v /home/abi/fetcher/tmp:/home/abi/fetcher/tmp:ro -v /home/abi/fetcher/20230615:/home/abi/fetcher/20230615:rw registry.salsa.debian.org/reproducible-builds/diffoscope --no-progress tmp/fedml-0.8.4a8.tar.gz tmp/fedml-0.8.4a9.tar.gz --markdown 20230615/f/fedml/0.8.4a8-0.8.4a9/diff.md --exclude *.pyd
[2023-06-15 00:10:19] INFO root fetch - processPackages [repetita-parser]: executing diffoscope
[2023-06-15 00:10:19] INFO root fetch - processPackages [repetita-parser]: podman run --user 0:0 --rm -w /home/abi/fetcher -v /home/abi/fetcher/tmp:/home/abi/fetcher/tmp:ro -v /home/abi/fetcher/20230615:/home/abi/fetcher/20230615:rw registry.salsa.debian.org/reproducible-builds/diffoscope --no-progress tmp/repetita_parser-1.0.1.tar.gz tmp/repetita_parser-1.0.2.tar.gz --markdown 20230615/r/repetita-parser/1.0.1-1.0.2/diff.md --exclude *.pyd
[2023-06-15 00:10:19] INFO root fetch - processPackages [dl-myo]: Downloading https://files.pythonhosted.org/packages/56/66/3f3cc512ef65a5ffa7fa30c712a936ca4d1444921d835f92d2276dc5eb74/dl_myo-0.2.0.tar.gz
[2023-06-15 00:10:19] INFO root fetch - processPackages [ncbi-datasets-pylib]: Downloading https://files.pythonhosted.org/packages/77/91/854e74c2b35a5a11892b0eae72690c8d49d04f38f57cbc2a7868200881dd/ncbi-datasets-pylib-9.1.0.tar.gz
[2023-06-15 00:10:19] INFO root fetch - processPackages [pyEPR-quantum]: Downloading https://files.pythonhosted.org/packages/28/8c/7c113048c73525a5695a42ea3481cc47be72412ea9ed139e052783e581cf/pyEPR-quantum-0.9.0.tar.gz
[2023-06-15 00:10:19] INFO root fetch - processPackages [bisque-metadoc]: Downloading https://files.pythonhosted.org/packages/0e/f9/4a18b152680e8cf41deb7404d5b5ef025289f688637f2c24d23f5601663c/bisque_metadoc-0.6.3.26-py3-none-any.whl
[2023-06-15 00:10:19] INFO root fetch - processPackages [fese]: Downloading https://files.pythonhosted.org/packages/2f/a1/df58c6688261fbd14364942c0c5ff148eb63f9dbf970d3add7059641e2e3/fese-0.2.7.tar.gz
[2023-06-15 00:10:19] INFO root fetch - processPackages [opening-hours-py]: Downloading https://files.pythonhosted.org/packages/5c/9f/9a0f0a9fbe30a88c46865315d40be20b5dc0d6cd673a8195cb3ba7ec19b6/opening_hours_py-0.6.9.tar.gz
[2023-06-15 00:10:19] INFO root fetch - processPackages [dl-myo]: executing diffoscope
[2023-06-15 00:10:19] INFO root fetch - processPackages [dl-myo]: podman run --user 0:0 --rm -w /home/abi/fetcher -v /home/abi/fetcher/tmp:/home/abi/fetcher/tmp:ro -v /home/abi/fetcher/20230615:/home/abi/fetcher/20230615:rw registry.salsa.debian.org/reproducible-builds/diffoscope --no-progress tmp/dl_myo-0.1.6.tar.gz tmp/dl_myo-0.2.0.tar.gz --markdown 20230615/d/dl-myo/0.1.6-0.2.0/diff.md --exclude *.pyd
[2023-06-15 00:10:19] INFO root fetch - processPackages [neuralprophet]: Downloading https://files.pythonhosted.org/packages/99/bf/4b4d52d588fc0a43cdca4683f0b8b82b553554ad5aa3532d732eab6fd42b/neuralprophet-1.0.0rc2.tar.gz
[2023-06-15 00:10:19] WARNING root fetch - processPackages [aws-cdk.lambda-layer-kubectl-v23]: Skipping package: exceeds size limit 27240259>=10485760
[2023-06-15 00:10:19] INFO root fetch - processPackages [aws-cdk.lambda-layer-kubectl-v23]: Start processing: pepperize.cdk-serverless-cluster-from-snapshot
[2023-06-15 00:10:19] INFO root fetch - main [MainThread]: End processing [aws-cdk.lambda-layer-kubectl-v23] error
[2023-06-15 00:10:19] INFO root fetch - processPackages [opening-hours-py]: executing diffoscope
[2023-06-15 00:10:19] INFO root fetch - processPackages [opening-hours-py]: podman run --user 0:0 --rm -w /home/abi/fetcher -v /home/abi/fetcher/tmp:/home/abi/fetcher/tmp:ro -v /home/abi/fetcher/20230615:/home/abi/fetcher/20230615:rw registry.salsa.debian.org/reproducible-builds/diffoscope --no-progress tmp/opening_hours_py-0.6.7.tar.gz tmp/opening_hours_py-0.6.9.tar.gz --markdown 20230615/o/opening-hours-py/0.6.7-0.6.9/diff.md --exclude *.pyd
[2023-06-15 00:10:19] INFO root fetch - processPackages [ncbi-datasets-pylib]: executing diffoscope
[2023-06-15 00:10:19] INFO root fetch - processPackages [ncbi-datasets-pylib]: podman run --user 0:0 --rm -w /home/abi/fetcher -v /home/abi/fetcher/tmp:/home/abi/fetcher/tmp:ro -v /home/abi/fetcher/20230615:/home/abi/fetcher/20230615:rw registry.salsa.debian.org/reproducible-builds/diffoscope --no-progress tmp/ncbi-datasets-pylib-9.0.0.tar.gz tmp/ncbi-datasets-pylib-9.1.0.tar.gz --markdown 20230615/n/ncbi-datasets-pylib/9.0.0-9.1.0/diff.md --exclude *.pyd
[2023-06-15 00:10:19] INFO root fetch - processPackages [pepperize.cdk-serverless-cluster-from-snapshot]: New version: [0.0.99] Old Version: [0.0.98]
[2023-06-15 00:10:19] INFO root fetch - processPackages [fese]: executing diffoscope
[2023-06-15 00:10:19] INFO root fetch - processPackages [fese]: podman run --user 0:0 --rm -w /home/abi/fetcher -v /home/abi/fetcher/tmp:/home/abi/fetcher/tmp:ro -v /home/abi/fetcher/20230615:/home/abi/fetcher/20230615:rw registry.salsa.debian.org/reproducible-builds/diffoscope --no-progress tmp/fese-0.1.2.tar.gz tmp/fese-0.2.7.tar.gz --markdown 20230615/f/fese/0.1.2-0.2.7/diff.md --exclude *.pyd
[2023-06-15 00:10:19] INFO root fetch - processPackages [bisque-metadoc]: executing diffoscope
[2023-06-15 00:10:19] INFO root fetch - processPackages [bisque-metadoc]: podman run --user 0:0 --rm -w /home/abi/fetcher -v /home/abi/fetcher/tmp:/home/abi/fetcher/tmp:ro -v /home/abi/fetcher/20230615:/home/abi/fetcher/20230615:rw registry.salsa.debian.org/reproducible-builds/diffoscope --no-progress tmp/bisque_metadoc-0.6.3.25-py3-none-any.whl.zip tmp/bisque_metadoc-0.6.3.26-py3-none-any.whl.zip --markdown 20230615/b/bisque-metadoc/0.6.3.25-0.6.3.26/diff.md --exclude *.pyd
[2023-06-15 00:10:19] INFO root fetch - processPackages [pepperize.cdk-serverless-cluster-from-snapshot]: Downloading https://files.pythonhosted.org/packages/41/ed/5efe219dc09a3767781b18e59998e46265479245ef5e56798033e654efe2/pepperize.cdk-serverless-cluster-from-snapshot-0.0.98.tar.gz
[2023-06-15 00:10:19] INFO root fetch - processPackages [neuralprophet]: executing diffoscope
[2023-06-15 00:10:19] INFO root fetch - processPackages [neuralprophet]: podman run --user 0:0 --rm -w /home/abi/fetcher -v /home/abi/fetcher/tmp:/home/abi/fetcher/tmp:ro -v /home/abi/fetcher/20230615:/home/abi/fetcher/20230615:rw registry.salsa.debian.org/reproducible-builds/diffoscope --no-progress tmp/neuralprophet-1.0.0rc1.tar.gz tmp/neuralprophet-1.0.0rc2.tar.gz --markdown 20230615/n/neuralprophet/1.0.0rc1-1.0.0rc2/diff.md --exclude *.pyd
[2023-06-15 00:10:19] INFO root fetch - processPackages [pyEPR-quantum]: executing diffoscope
[2023-06-15 00:10:19] INFO root fetch - processPackages [pyEPR-quantum]: podman run --user 0:0 --rm -w /home/abi/fetcher -v /home/abi/fetcher/tmp:/home/abi/fetcher/tmp:ro -v /home/abi/fetcher/20230615:/home/abi/fetcher/20230615:rw registry.salsa.debian.org/reproducible-builds/diffoscope --no-progress tmp/pyEPR-quantum-0.8.5.7.tar.gz tmp/pyEPR-quantum-0.9.0.tar.gz --markdown 20230615/p/pyEPR-quantum/0.8.5.7-0.9.0/diff.md --exclude *.pyd
[2023-06-15 00:10:19] INFO root fetch - processPackages [pepperize.cdk-serverless-cluster-from-snapshot]: Downloading https://files.pythonhosted.org/packages/0a/e1/974dfac343666db334bd3dc6b819d5e46e3769ce75e9baccd0067702f4ad/pepperize.cdk-serverless-cluster-from-snapshot-0.0.99.tar.gz
[2023-06-15 00:10:19] INFO root fetch - processPackages [pepperize.cdk-serverless-cluster-from-snapshot]: executing diffoscope
[2023-06-15 00:10:19] INFO root fetch - processPackages [pepperize.cdk-serverless-cluster-from-snapshot]: podman run --user 0:0 --rm -w /home/abi/fetcher -v /home/abi/fetcher/tmp:/home/abi/fetcher/tmp:ro -v /home/abi/fetcher/20230615:/home/abi/fetcher/20230615:rw registry.salsa.debian.org/reproducible-builds/diffoscope --no-progress tmp/pepperize.cdk-serverless-cluster-from-snapshot-0.0.98.tar.gz tmp/pepperize.cdk-serverless-cluster-from-snapshot-0.0.99.tar.gz --markdown 20230615/p/pepperize.cdk-serverless-cluster-from-snapshot/0.0.98-0.0.99/diff.md --exclude *.pyd
[2023-06-15 00:10:21] INFO root fetch - processPackages [dl-myo]: Remove: archive file [/home/abi/fetcher/tmp/dl_myo-0.1.6.tar.gz]
[2023-06-15 00:10:21] INFO root fetch - processPackages [dl-myo]: Remove: archive file [/home/abi/fetcher/tmp/dl_myo-0.2.0.tar.gz]
[2023-06-15 00:10:21] INFO root fetch - processPackages [dl-myo]: Start processing: csdid
[2023-06-15 00:10:21] INFO root fetch - main [MainThread]: End processing [dl-myo]: success
[2023-06-15 00:10:21] INFO root fetch - processPackages [csdid]: New version: [0.1.53] Old Version: [0.1.52]
[2023-06-15 00:10:21] INFO root fetch - processPackages [csdid]: Downloading https://files.pythonhosted.org/packages/1d/d9/05ea9c75a090e876f24e98120b7b3700f1e055c1720ab63581f85eb2c31c/csdid-0.1.52.tar.gz
[2023-06-15 00:10:21] INFO root fetch - processPackages [bisque-metadoc]: Remove: archive file [/home/abi/fetcher/tmp/bisque_metadoc-0.6.3.25-py3-none-any.whl.zip]
[2023-06-15 00:10:21] INFO root fetch - processPackages [bisque-metadoc]: Remove: archive file [/home/abi/fetcher/tmp/bisque_metadoc-0.6.3.26-py3-none-any.whl.zip]
[2023-06-15 00:10:21] INFO root fetch - processPackages [bisque-metadoc]: Start processing: laminci
[2023-06-15 00:10:21] INFO root fetch - main [MainThread]: End processing [bisque-metadoc]: success
[2023-06-15 00:10:21] INFO root fetch - processPackages [laminci]: New version: [0.6.7] Old Version: [0.6.6]
[2023-06-15 00:10:21] INFO root fetch - processPackages [repetita-parser]: Remove: archive file [/home/abi/fetcher/tmp/repetita_parser-1.0.1.tar.gz]
[2023-06-15 00:10:21] INFO root fetch - processPackages [repetita-parser]: Remove: archive file [/home/abi/fetcher/tmp/repetita_parser-1.0.2.tar.gz]
[2023-06-15 00:10:21] INFO root fetch - processPackages [repetita-parser]: Start processing: hoppr
[2023-06-15 00:10:21] INFO root fetch - main [MainThread]: End processing [repetita-parser]: success
[2023-06-15 00:10:21] INFO root fetch - processPackages [hoppr]: New version: [1.8.6] Old Version: [1.8.5]
[2023-06-15 00:10:21] INFO root fetch - processPackages [csdid]: Downloading https://files.pythonhosted.org/packages/90/7a/e70eb65725eaca6dc60eae4a9074a5bcfe001e1f5389b5aea953b63804c0/csdid-0.1.53.tar.gz
[2023-06-15 00:10:21] INFO root fetch - processPackages [fese]: Remove: archive file [/home/abi/fetcher/tmp/fese-0.1.2.tar.gz]
[2023-06-15 00:10:21] INFO root fetch - processPackages [fese]: Remove: archive file [/home/abi/fetcher/tmp/fese-0.2.7.tar.gz]
[2023-06-15 00:10:21] INFO root fetch - processPackages [fese]: Start processing: hydrofunctions
[2023-06-15 00:10:21] INFO root fetch - main [MainThread]: End processing [fese]: success
[2023-06-15 00:10:21] INFO root fetch - processPackages [pyEPR-quantum]: Remove: archive file [/home/abi/fetcher/tmp/pyEPR-quantum-0.8.5.7.tar.gz]
[2023-06-15 00:10:21] INFO root fetch - processPackages [pyEPR-quantum]: Remove: archive file [/home/abi/fetcher/tmp/pyEPR-quantum-0.9.0.tar.gz]
[2023-06-15 00:10:21] INFO root fetch - main [MainThread]: End processing [pyEPR-quantum]: success
[2023-06-15 00:10:21] INFO root fetch - processPackages [hydrofunctions]: New version: [0.2.3] Old Version: [0.2.2]
[2023-06-15 00:10:21] INFO root fetch - processPackages [laminci]: Downloading https://files.pythonhosted.org/packages/2b/b7/8e28b2b152398c1c6d0933d10ddbb6cb7f43041c841224e59fbb438dde85/laminci-0.6.6.tar.gz
[2023-06-15 00:10:21] INFO root fetch - processPackages [csdid]: executing diffoscope
[2023-06-15 00:10:21] INFO root fetch - processPackages [csdid]: podman run --user 0:0 --rm -w /home/abi/fetcher -v /home/abi/fetcher/tmp:/home/abi/fetcher/tmp:ro -v /home/abi/fetcher/20230615:/home/abi/fetcher/20230615:rw registry.salsa.debian.org/reproducible-builds/diffoscope --no-progress tmp/csdid-0.1.52.tar.gz tmp/csdid-0.1.53.tar.gz --markdown 20230615/c/csdid/0.1.52-0.1.53/diff.md --exclude *.pyd
[2023-06-15 00:10:21] INFO root fetch - processPackages [hoppr]: Downloading https://files.pythonhosted.org/packages/c6/2e/6e06e734b6db3485fe7d44bdf78937e4de2d860cae7233e48661dbd5ad46/hoppr-1.8.5.tar.gz
[2023-06-15 00:10:21] INFO root fetch - processPackages [neuralprophet]: Remove: archive file [/home/abi/fetcher/tmp/neuralprophet-1.0.0rc1.tar.gz]
[2023-06-15 00:10:21] INFO root fetch - processPackages [neuralprophet]: Remove: archive file [/home/abi/fetcher/tmp/neuralprophet-1.0.0rc2.tar.gz]
[2023-06-15 00:10:21] INFO root fetch - main [MainThread]: End processing [neuralprophet]: success
[2023-06-15 00:10:21] INFO root fetch - processPackages [ncbi-datasets-pylib]: Remove: archive file [/home/abi/fetcher/tmp/ncbi-datasets-pylib-9.0.0.tar.gz]
[2023-06-15 00:10:21] INFO root fetch - processPackages [ncbi-datasets-pylib]: Remove: archive file [/home/abi/fetcher/tmp/ncbi-datasets-pylib-9.1.0.tar.gz]
[2023-06-15 00:10:21] INFO root fetch - main [MainThread]: End processing [ncbi-datasets-pylib]: success
[2023-06-15 00:10:21] INFO root fetch - processPackages [pepperize.cdk-serverless-cluster-from-snapshot]: Remove: archive file [/home/abi/fetcher/tmp/pepperize.cdk-serverless-cluster-from-snapshot-0.0.98.tar.gz]
[2023-06-15 00:10:21] INFO root fetch - processPackages [pepperize.cdk-serverless-cluster-from-snapshot]: Remove: archive file [/home/abi/fetcher/tmp/pepperize.cdk-serverless-cluster-from-snapshot-0.0.99.tar.gz]
[2023-06-15 00:10:21] INFO root fetch - main [MainThread]: End processing [pepperize.cdk-serverless-cluster-from-snapshot]: success
[2023-06-15 00:10:21] INFO root fetch - processPackages [hydrofunctions]: Downloading https://files.pythonhosted.org/packages/b6/a7/657961d0b7186918f055d73f68f90f208b2f13fdc8365b563a45f9671cfe/hydrofunctions-0.2.2.tar.gz
[2023-06-15 00:10:21] INFO root fetch - processPackages [laminci]: Downloading https://files.pythonhosted.org/packages/11/df/413f29d1b20da4b63433c9f1db8725dbf32cfcfc408532f191c63660f011/laminci-0.6.7.tar.gz
[2023-06-15 00:10:21] INFO root fetch - processPackages [hoppr]: Downloading https://files.pythonhosted.org/packages/92/c1/53be4b10e712e9868f756c2f5abced7fda03da222c524fa0ccd9ecc8a333/hoppr-1.8.6.tar.gz
[2023-06-15 00:10:21] INFO root fetch - processPackages [laminci]: executing diffoscope
[2023-06-15 00:10:21] INFO root fetch - processPackages [laminci]: podman run --user 0:0 --rm -w /home/abi/fetcher -v /home/abi/fetcher/tmp:/home/abi/fetcher/tmp:ro -v /home/abi/fetcher/20230615:/home/abi/fetcher/20230615:rw registry.salsa.debian.org/reproducible-builds/diffoscope --no-progress tmp/laminci-0.6.6.tar.gz tmp/laminci-0.6.7.tar.gz --markdown 20230615/l/laminci/0.6.6-0.6.7/diff.md --exclude *.pyd
[2023-06-15 00:10:21] INFO root fetch - processPackages [hoppr]: executing diffoscope
[2023-06-15 00:10:21] INFO root fetch - processPackages [hoppr]: podman run --user 0:0 --rm -w /home/abi/fetcher -v /home/abi/fetcher/tmp:/home/abi/fetcher/tmp:ro -v /home/abi/fetcher/20230615:/home/abi/fetcher/20230615:rw registry.salsa.debian.org/reproducible-builds/diffoscope --no-progress tmp/hoppr-1.8.5.tar.gz tmp/hoppr-1.8.6.tar.gz --markdown 20230615/h/hoppr/1.8.5-1.8.6/diff.md --exclude *.pyd
[2023-06-15 00:10:22] INFO root fetch - processPackages [csdid]: Remove: archive file [/home/abi/fetcher/tmp/csdid-0.1.52.tar.gz]
[2023-06-15 00:10:22] INFO root fetch - processPackages [csdid]: Remove: archive file [/home/abi/fetcher/tmp/csdid-0.1.53.tar.gz]
[2023-06-15 00:10:22] INFO root fetch - main [MainThread]: End processing [csdid]: success
[2023-06-15 00:10:22] INFO root fetch - processPackages [laminci]: Remove: archive file [/home/abi/fetcher/tmp/laminci-0.6.6.tar.gz]
[2023-06-15 00:10:22] INFO root fetch - processPackages [laminci]: Remove: archive file [/home/abi/fetcher/tmp/laminci-0.6.7.tar.gz]
[2023-06-15 00:10:22] INFO root fetch - main [MainThread]: End processing [laminci]: success
[2023-06-15 00:10:23] INFO root fetch - processPackages [hoppr]: Remove: archive file [/home/abi/fetcher/tmp/hoppr-1.8.5.tar.gz]
[2023-06-15 00:10:23] INFO root fetch - processPackages [hoppr]: Remove: archive file [/home/abi/fetcher/tmp/hoppr-1.8.6.tar.gz]
[2023-06-15 00:10:23] INFO root fetch - main [MainThread]: End processing [hoppr]: success
[2023-06-15 00:10:24] INFO root fetch - processPackages [opening-hours-py]: Remove: archive file [/home/abi/fetcher/tmp/opening_hours_py-0.6.7.tar.gz]
[2023-06-15 00:10:24] INFO root fetch - processPackages [opening-hours-py]: Remove: archive file [/home/abi/fetcher/tmp/opening_hours_py-0.6.9.tar.gz]
[2023-06-15 00:10:24] INFO root fetch - main [MainThread]: End processing [opening-hours-py]: success
[2023-06-15 00:10:24] INFO root fetch - processPackages [hydrofunctions]: Downloading https://files.pythonhosted.org/packages/a6/53/047306dce181ec5029c6c20861e73c1b3e213153c8548701a560d7752f16/hydrofunctions-0.2.3.tar.gz
[2023-06-15 00:10:24] INFO root fetch - processPackages [hydrofunctions]: executing diffoscope
[2023-06-15 00:10:24] INFO root fetch - processPackages [hydrofunctions]: podman run --user 0:0 --rm -w /home/abi/fetcher -v /home/abi/fetcher/tmp:/home/abi/fetcher/tmp:ro -v /home/abi/fetcher/20230615:/home/abi/fetcher/20230615:rw registry.salsa.debian.org/reproducible-builds/diffoscope --no-progress tmp/hydrofunctions-0.2.2.tar.gz tmp/hydrofunctions-0.2.3.tar.gz --markdown 20230615/h/hydrofunctions/0.2.2-0.2.3/diff.md --exclude *.pyd
[2023-06-15 00:10:27] INFO root fetch - processPackages [hydrofunctions]: Remove: archive file [/home/abi/fetcher/tmp/hydrofunctions-0.2.2.tar.gz]
[2023-06-15 00:10:27] INFO root fetch - processPackages [hydrofunctions]: Remove: archive file [/home/abi/fetcher/tmp/hydrofunctions-0.2.3.tar.gz]
[2023-06-15 00:10:27] INFO root fetch - main [MainThread]: End processing [hydrofunctions]: success
[2023-06-15 00:10:30] INFO root fetch - processPackages [fedml]: Remove: archive file [/home/abi/fetcher/tmp/fedml-0.8.4a8.tar.gz]
[2023-06-15 00:10:30] INFO root fetch - processPackages [fedml]: Remove: archive file [/home/abi/fetcher/tmp/fedml-0.8.4a9.tar.gz]
[2023-06-15 00:10:30] INFO root fetch - main [MainThread]: End processing [fedml]: success
[2023-06-15 00:10:30] INFO root fetch - main [MainThread]: Store serial: [18507512]
[2023-06-15 00:15:35] INFO root fetch - main [MainThread]: Get Changelog since Serial: [18507512]
[2023-06-15 00:15:40] INFO root fetch - main [MainThread]: Found 10 changed packages
[2023-06-15 00:15:40] INFO root fetch - processPackages [ThreadPoolExecutor-0_0]: Start processing: meltanolabs-target-snowflake
[2023-06-15 00:15:40] INFO root fetch - processPackages [ThreadPoolExecutor-0_1]: Start processing: Files.com
[2023-06-15 00:15:40] INFO root fetch - processPackages [ThreadPoolExecutor-0_2]: Start processing: ha-philipsjs
[2023-06-15 00:15:40] INFO root fetch - processPackages [ThreadPoolExecutor-0_3]: Start processing: django-cleanup
[2023-06-15 00:15:40] INFO root fetch - processPackages [ThreadPoolExecutor-0_4]: Start processing: Geode-Hybrid
[2023-06-15 00:15:40] INFO root fetch - processPackages [ThreadPoolExecutor-0_5]: Start processing: as-scraper
[2023-06-15 00:15:40] INFO root fetch - processPackages [ThreadPoolExecutor-0_6]: Start processing: pepperize.cdk-serverless-cluster-from-snapshot
[2023-06-15 00:15:40] INFO root fetch - processPackages [ThreadPoolExecutor-0_7]: Start processing: cns
[2023-06-15 00:15:40] INFO root fetch - processPackages [ThreadPoolExecutor-0_8]: Start processing: grai-schemas
[2023-06-15 00:15:40] INFO root fetch - processPackages [ThreadPoolExecutor-0_9]: Start processing: ovos-plugin-common-play
[2023-06-15 00:15:40] INFO root fetch - processPackages [django-cleanup]: New version: [8.0.0] Old Version: [7.0.0]
[2023-06-15 00:15:40] INFO root fetch - processPackages [meltanolabs-target-snowflake]: New version: [0.2.1] Old Version: [0.2.0]
[2023-06-15 00:15:40] INFO root fetch - processPackages [as-scraper]: New version: [2.4.0] Old Version: [2.3.5]
[2023-06-15 00:15:40] INFO root fetch - processPackages [ha-philipsjs]: New version: [3.1.0] Old Version: [3.0.1]
[2023-06-15 00:15:40] INFO root fetch - processPackages [cns]: New version: [1.0.12] Old Version: [1.0.11]
[2023-06-15 00:15:40] INFO root fetch - processPackages [Geode-Hybrid]: New version: [2.0.4rc1] Old Version: [2.0.3rc1]
[2023-06-15 00:15:40] INFO root fetch - processPackages [Files.com]: New version: [1.0.99] Old Version: [1.0.98]
[2023-06-15 00:15:40] INFO root fetch - processPackages [grai-schemas]: New version: [0.1.9] Old Version: [0.1.8]
[2023-06-15 00:15:40] INFO root fetch - processPackages [ovos-plugin-common-play]: New version: [0.0.6a1] Old Version: [0.0.5a7]
[2023-06-15 00:15:40] INFO root fetch - processPackages [pepperize.cdk-serverless-cluster-from-snapshot]: New version: [0.0.99] Old Version: [0.0.98]
[2023-06-15 00:15:40] INFO root fetch - processPackages [pepperize.cdk-serverless-cluster-from-snapshot]: Downloading https://files.pythonhosted.org/packages/41/ed/5efe219dc09a3767781b18e59998e46265479245ef5e56798033e654efe2/pepperize.cdk-serverless-cluster-from-snapshot-0.0.98.tar.gz
[2023-06-15 00:15:40] INFO root fetch - processPackages [grai-schemas]: Downloading https://files.pythonhosted.org/packages/48/50/b901f88d6a26c004b33ab92f23c2eb16b3f9979a796b101c99c9bd8fb500/grai_schemas-0.1.8.tar.gz
[2023-06-15 00:15:40] INFO root fetch - processPackages [as-scraper]: Downloading https://files.pythonhosted.org/packages/e1/18/b232e3ce84f4a608ef74e4003c902b256d2effa80fbfaa081db7f99edad8/as-scraper-2.3.5.tar.gz
[2023-06-15 00:15:40] INFO root fetch - processPackages [django-cleanup]: Downloading https://files.pythonhosted.org/packages/9d/b0/4629518ee94a8b2e465351c6db50277916dcffbb65b4d4d85e10bcca6c1d/django-cleanup-7.0.0.tar.gz
[2023-06-15 00:15:40] INFO root fetch - processPackages [Files.com]: Downloading https://files.pythonhosted.org/packages/94/53/fbdfda733dea9c814dc2617b3c6ff721e4e11d756b49b2d6dc317f00d5c3/Files.com-1.0.98.tar.gz
[2023-06-15 00:15:40] INFO root fetch - processPackages [cns]: Downloading https://files.pythonhosted.org/packages/ba/0f/18b6600d17af80f9667df6611a488af420aae2a8954d87f810859eeacf27/cns-1.0.11-py3-none-any.whl
[2023-06-15 00:15:40] INFO root fetch - processPackages [meltanolabs-target-snowflake]: Downloading https://files.pythonhosted.org/packages/d8/c4/20bce48373ce2b9edda38924438cfab4cdf19898413752b4a9b4522e6361/meltanolabs_target_snowflake-0.2.0.tar.gz
[2023-06-15 00:15:40] INFO root fetch - processPackages [pepperize.cdk-serverless-cluster-from-snapshot]: Downloading https://files.pythonhosted.org/packages/0a/e1/974dfac343666db334bd3dc6b819d5e46e3769ce75e9baccd0067702f4ad/pepperize.cdk-serverless-cluster-from-snapshot-0.0.99.tar.gz
[2023-06-15 00:15:40] INFO root fetch - processPackages [ha-philipsjs]: Downloading https://files.pythonhosted.org/packages/5a/83/94f63f64e6f81fed403e85555c818b5339b416f4606c65690afbcefa9143/ha-philipsjs-3.0.1.tar.gz
[2023-06-15 00:15:40] INFO root fetch - processPackages [ovos-plugin-common-play]: Downloading https://files.pythonhosted.org/packages/bb/26/faeddc65cb95dba8a457354a1b6065bdab442327c962ecca362fb8242fb4/ovos_plugin_common_play-0.0.5a7.tar.gz
[2023-06-15 00:15:40] INFO root fetch - processPackages [Geode-Hybrid]: Downloading https://files.pythonhosted.org/packages/6a/84/5566c3cc371592c56e9cf280f5469b22ffd2dcdc050c5e3528fdd9207d9f/Geode_Hybrid-2.0.3rc1-cp39-cp39-win_amd64.whl
[2023-06-15 00:15:40] INFO root fetch - processPackages [pepperize.cdk-serverless-cluster-from-snapshot]: executing diffoscope
[2023-06-15 00:15:40] INFO root fetch - processPackages [pepperize.cdk-serverless-cluster-from-snapshot]: podman run --user 0:0 --rm -w /home/abi/fetcher -v /home/abi/fetcher/tmp:/home/abi/fetcher/tmp:ro -v /home/abi/fetcher/20230615:/home/abi/fetcher/20230615:rw registry.salsa.debian.org/reproducible-builds/diffoscope --no-progress tmp/pepperize.cdk-serverless-cluster-from-snapshot-0.0.98.tar.gz tmp/pepperize.cdk-serverless-cluster-from-snapshot-0.0.99.tar.gz --markdown 20230615/p/pepperize.cdk-serverless-cluster-from-snapshot/0.0.98-0.0.99/diff.md --exclude *.pyd
[2023-06-15 00:15:40] INFO root fetch - processPackages [grai-schemas]: Downloading https://files.pythonhosted.org/packages/5f/42/f1b94cc0a778ce637ae5193620cb690190a4bd3a1c8fe56ff177b30061bc/grai_schemas-0.1.9.tar.gz
[2023-06-15 00:15:40] INFO root fetch - processPackages [as-scraper]: Downloading https://files.pythonhosted.org/packages/6f/42/a5c06601e59a4b49cd391774b6ad59b24b380b5acf025d8dc4f5feb8def4/as-scraper-2.4.0.tar.gz
[2023-06-15 00:15:40] INFO root fetch - processPackages [grai-schemas]: executing diffoscope
[2023-06-15 00:15:40] INFO root fetch - processPackages [grai-schemas]: podman run --user 0:0 --rm -w /home/abi/fetcher -v /home/abi/fetcher/tmp:/home/abi/fetcher/tmp:ro -v /home/abi/fetcher/20230615:/home/abi/fetcher/20230615:rw registry.salsa.debian.org/reproducible-builds/diffoscope --no-progress tmp/grai_schemas-0.1.8.tar.gz tmp/grai_schemas-0.1.9.tar.gz --markdown 20230615/g/grai-schemas/0.1.8-0.1.9/diff.md --exclude *.pyd
[2023-06-15 00:15:40] INFO root fetch - processPackages [as-scraper]: executing diffoscope
[2023-06-15 00:15:40] INFO root fetch - processPackages [as-scraper]: podman run --user 0:0 --rm -w /home/abi/fetcher -v /home/abi/fetcher/tmp:/home/abi/fetcher/tmp:ro -v /home/abi/fetcher/20230615:/home/abi/fetcher/20230615:rw registry.salsa.debian.org/reproducible-builds/diffoscope --no-progress tmp/as-scraper-2.3.5.tar.gz tmp/as-scraper-2.4.0.tar.gz --markdown 20230615/a/as-scraper/2.3.5-2.4.0/diff.md --exclude *.pyd
[2023-06-15 00:15:40] INFO root fetch - processPackages [meltanolabs-target-snowflake]: Downloading https://files.pythonhosted.org/packages/64/9f/fd2c809fa89d1bfc927e0d317a053f5486ec185133225b456ed9e5b2549b/meltanolabs_target_snowflake-0.2.1.tar.gz
[2023-06-15 00:15:40] INFO root fetch - processPackages [django-cleanup]: Downloading https://files.pythonhosted.org/packages/ba/9e/cf649106561b2db3eb0be07b2b185d3cfd57027b79f491bd3d07e70a60da/django-cleanup-8.0.0.tar.gz
[2023-06-15 00:15:40] INFO root fetch - processPackages [Files.com]: Downloading https://files.pythonhosted.org/packages/3b/2c/ec980b43b6c82499f9f9442e06cf2b0e489d114398d6098f2a9049a19767/Files.com-1.0.99.tar.gz
[2023-06-15 00:15:40] INFO root fetch - processPackages [meltanolabs-target-snowflake]: executing diffoscope
[2023-06-15 00:15:40] INFO root fetch - processPackages [meltanolabs-target-snowflake]: podman run --user 0:0 --rm -w /home/abi/fetcher -v /home/abi/fetcher/tmp:/home/abi/fetcher/tmp:ro -v /home/abi/fetcher/20230615:/home/abi/fetcher/20230615:rw registry.salsa.debian.org/reproducible-builds/diffoscope --no-progress tmp/meltanolabs_target_snowflake-0.2.0.tar.gz tmp/meltanolabs_target_snowflake-0.2.1.tar.gz --markdown 20230615/m/meltanolabs-target-snowflake/0.2.0-0.2.1/diff.md --exclude *.pyd
[2023-06-15 00:15:40] INFO root fetch - processPackages [Geode-Hybrid]: Downloading https://files.pythonhosted.org/packages/b7/ab/60c55287aabe8ad00e458a5c977c867417e6c48fb17f3cea5bb62bb2610c/Geode_Hybrid-2.0.4rc1-cp39-cp39-win_amd64.whl
[2023-06-15 00:15:40] INFO root fetch - processPackages [django-cleanup]: executing diffoscope
[2023-06-15 00:15:40] INFO root fetch - processPackages [django-cleanup]: podman run --user 0:0 --rm -w /home/abi/fetcher -v /home/abi/fetcher/tmp:/home/abi/fetcher/tmp:ro -v /home/abi/fetcher/20230615:/home/abi/fetcher/20230615:rw registry.salsa.debian.org/reproducible-builds/diffoscope --no-progress tmp/django-cleanup-7.0.0.tar.gz tmp/django-cleanup-8.0.0.tar.gz --markdown 20230615/d/django-cleanup/7.0.0-8.0.0/diff.md --exclude *.pyd
[2023-06-15 00:15:40] INFO root fetch - processPackages [Files.com]: executing diffoscope
[2023-06-15 00:15:40] INFO root fetch - processPackages [Files.com]: podman run --user 0:0 --rm -w /home/abi/fetcher -v /home/abi/fetcher/tmp:/home/abi/fetcher/tmp:ro -v /home/abi/fetcher/20230615:/home/abi/fetcher/20230615:rw registry.salsa.debian.org/reproducible-builds/diffoscope --no-progress tmp/Files.com-1.0.98.tar.gz tmp/Files.com-1.0.99.tar.gz --markdown 20230615/F/Files.com/1.0.98-1.0.99/diff.md --exclude *.pyd
[2023-06-15 00:15:40] INFO root fetch - processPackages [ha-philipsjs]: Downloading https://files.pythonhosted.org/packages/93/5e/a8f63c30b69fcb24368561a08740b83f72867df21aa61b4a60af095ee616/ha-philipsjs-3.1.0.tar.gz
[2023-06-15 00:15:40] INFO root fetch - processPackages [cns]: Downloading https://files.pythonhosted.org/packages/ab/c4/5f78ccf6585c44106e271062ecb217de742c3646b9baa7549df601668e1f/cns-1.0.12-py3-none-any.whl
[2023-06-15 00:15:40] INFO root fetch - processPackages [ha-philipsjs]: executing diffoscope
[2023-06-15 00:15:40] INFO root fetch - processPackages [ha-philipsjs]: podman run --user 0:0 --rm -w /home/abi/fetcher -v /home/abi/fetcher/tmp:/home/abi/fetcher/tmp:ro -v /home/abi/fetcher/20230615:/home/abi/fetcher/20230615:rw registry.salsa.debian.org/reproducible-builds/diffoscope --no-progress tmp/ha-philipsjs-3.0.1.tar.gz tmp/ha-philipsjs-3.1.0.tar.gz --markdown 20230615/h/ha-philipsjs/3.0.1-3.1.0/diff.md --exclude *.pyd
[2023-06-15 00:15:40] INFO root fetch - processPackages [ovos-plugin-common-play]: Downloading https://files.pythonhosted.org/packages/f1/93/dc56afb452b0c6d6c55e133f38b28f4feab3aba02dd9c70fff6cfabfee34/ovos_plugin_common_play-0.0.6a1.tar.gz
[2023-06-15 00:15:40] INFO root fetch - processPackages [Geode-Hybrid]: executing diffoscope
[2023-06-15 00:15:40] INFO root fetch - processPackages [Geode-Hybrid]: podman run --user 0:0 --rm -w /home/abi/fetcher -v /home/abi/fetcher/tmp:/home/abi/fetcher/tmp:ro -v /home/abi/fetcher/20230615:/home/abi/fetcher/20230615:rw registry.salsa.debian.org/reproducible-builds/diffoscope --no-progress tmp/Geode_Hybrid-2.0.3rc1-cp39-cp39-win_amd64.whl.zip tmp/Geode_Hybrid-2.0.4rc1-cp39-cp39-win_amd64.whl.zip --markdown 20230615/G/Geode-Hybrid/2.0.3rc1-2.0.4rc1/diff.md --exclude *.pyd
[2023-06-15 00:15:41] INFO root fetch - processPackages [cns]: executing diffoscope
[2023-06-15 00:15:41] INFO root fetch - processPackages [cns]: podman run --user 0:0 --rm -w /home/abi/fetcher -v /home/abi/fetcher/tmp:/home/abi/fetcher/tmp:ro -v /home/abi/fetcher/20230615:/home/abi/fetcher/20230615:rw registry.salsa.debian.org/reproducible-builds/diffoscope --no-progress tmp/cns-1.0.11-py3-none-any.whl.zip tmp/cns-1.0.12-py3-none-any.whl.zip --markdown 20230615/c/cns/1.0.11-1.0.12/diff.md --exclude *.pyd
[2023-06-15 00:15:41] INFO root fetch - processPackages [ovos-plugin-common-play]: executing diffoscope
[2023-06-15 00:15:41] INFO root fetch - processPackages [ovos-plugin-common-play]: podman run --user 0:0 --rm -w /home/abi/fetcher -v /home/abi/fetcher/tmp:/home/abi/fetcher/tmp:ro -v /home/abi/fetcher/20230615:/home/abi/fetcher/20230615:rw registry.salsa.debian.org/reproducible-builds/diffoscope --no-progress tmp/ovos_plugin_common_play-0.0.5a7.tar.gz tmp/ovos_plugin_common_play-0.0.6a1.tar.gz --markdown 20230615/o/ovos-plugin-common-play/0.0.5a7-0.0.6a1/diff.md --exclude *.pyd
[2023-06-15 00:15:42] INFO root fetch - processPackages [grai-schemas]: Remove: archive file [/home/abi/fetcher/tmp/grai_schemas-0.1.8.tar.gz]
[2023-06-15 00:15:42] INFO root fetch - processPackages [grai-schemas]: Remove: archive file [/home/abi/fetcher/tmp/grai_schemas-0.1.9.tar.gz]
[2023-06-15 00:15:42] INFO root fetch - main [MainThread]: End processing [grai-schemas]: success
[2023-06-15 00:15:42] INFO root fetch - processPackages [meltanolabs-target-snowflake]: Remove: archive file [/home/abi/fetcher/tmp/meltanolabs_target_snowflake-0.2.0.tar.gz]
[2023-06-15 00:15:42] INFO root fetch - processPackages [meltanolabs-target-snowflake]: Remove: archive file [/home/abi/fetcher/tmp/meltanolabs_target_snowflake-0.2.1.tar.gz]
[2023-06-15 00:15:42] INFO root fetch - main [MainThread]: End processing [meltanolabs-target-snowflake]: success
[2023-06-15 00:15:42] INFO root fetch - processPackages [Geode-Hybrid]: Remove: archive file [/home/abi/fetcher/tmp/Geode_Hybrid-2.0.3rc1-cp39-cp39-win_amd64.whl.zip]
[2023-06-15 00:15:42] INFO root fetch - processPackages [Geode-Hybrid]: Remove: archive file [/home/abi/fetcher/tmp/Geode_Hybrid-2.0.4rc1-cp39-cp39-win_amd64.whl.zip]
[2023-06-15 00:15:42] INFO root fetch - main [MainThread]: End processing [Geode-Hybrid]: success
[2023-06-15 00:15:42] INFO root fetch - processPackages [django-cleanup]: Remove: archive file [/home/abi/fetcher/tmp/django-cleanup-7.0.0.tar.gz]
[2023-06-15 00:15:42] INFO root fetch - processPackages [django-cleanup]: Remove: archive file [/home/abi/fetcher/tmp/django-cleanup-8.0.0.tar.gz]
[2023-06-15 00:15:42] INFO root fetch - main [MainThread]: End processing [django-cleanup]: success
[2023-06-15 00:15:42] INFO root fetch - processPackages [cns]: Remove: archive file [/home/abi/fetcher/tmp/cns-1.0.11-py3-none-any.whl.zip]
[2023-06-15 00:15:42] INFO root fetch - processPackages [cns]: Remove: archive file [/home/abi/fetcher/tmp/cns-1.0.12-py3-none-any.whl.zip]
[2023-06-15 00:15:42] INFO root fetch - main [MainThread]: End processing [cns]: success
[2023-06-15 00:15:42] INFO root fetch - processPackages [as-scraper]: Remove: archive file [/home/abi/fetcher/tmp/as-scraper-2.3.5.tar.gz]
[2023-06-15 00:15:42] INFO root fetch - processPackages [as-scraper]: Remove: archive file [/home/abi/fetcher/tmp/as-scraper-2.4.0.tar.gz]
[2023-06-15 00:15:42] INFO root fetch - main [MainThread]: End processing [as-scraper]: success
[2023-06-15 00:15:42] INFO root fetch - processPackages [ha-philipsjs]: Remove: archive file [/home/abi/fetcher/tmp/ha-philipsjs-3.0.1.tar.gz]
[2023-06-15 00:15:42] INFO root fetch - processPackages [ha-philipsjs]: Remove: archive file [/home/abi/fetcher/tmp/ha-philipsjs-3.1.0.tar.gz]
[2023-06-15 00:15:42] INFO root fetch - main [MainThread]: End processing [ha-philipsjs]: success
[2023-06-15 00:15:42] INFO root fetch - processPackages [pepperize.cdk-serverless-cluster-from-snapshot]: Remove: archive file [/home/abi/fetcher/tmp/pepperize.cdk-serverless-cluster-from-snapshot-0.0.98.tar.gz]
[2023-06-15 00:15:42] INFO root fetch - processPackages [pepperize.cdk-serverless-cluster-from-snapshot]: Remove: archive file [/home/abi/fetcher/tmp/pepperize.cdk-serverless-cluster-from-snapshot-0.0.99.tar.gz]
[2023-06-15 00:15:42] INFO root fetch - main [MainThread]: End processing [pepperize.cdk-serverless-cluster-from-snapshot]: success
[2023-06-15 00:15:43] INFO root fetch - processPackages [Files.com]: Remove: archive file [/home/abi/fetcher/tmp/Files.com-1.0.98.tar.gz]
[2023-06-15 00:15:43] INFO root fetch - processPackages [Files.com]: Remove: archive file [/home/abi/fetcher/tmp/Files.com-1.0.99.tar.gz]
[2023-06-15 00:15:43] INFO root fetch - main [MainThread]: End processing [Files.com]: success
[2023-06-15 00:15:48] INFO root fetch - processPackages [ovos-plugin-common-play]: Remove: archive file [/home/abi/fetcher/tmp/ovos_plugin_common_play-0.0.5a7.tar.gz]
[2023-06-15 00:15:48] INFO root fetch - processPackages [ovos-plugin-common-play]: Remove: archive file [/home/abi/fetcher/tmp/ovos_plugin_common_play-0.0.6a1.tar.gz]
[2023-06-15 00:15:48] INFO root fetch - main [MainThread]: End processing [ovos-plugin-common-play]: success
[2023-06-15 00:15:48] INFO root fetch - main [MainThread]: Store serial: [18507543]
[2023-06-15 00:20:51] INFO root fetch - main [MainThread]: Get Changelog since Serial: [18507543]
[2023-06-15 00:20:56] INFO root fetch - main [MainThread]: Found 8 changed packages
[2023-06-15 00:20:56] INFO root fetch - processPackages [ThreadPoolExecutor-0_0]: Start processing: vstutils
[2023-06-15 00:20:56] INFO root fetch - processPackages [ThreadPoolExecutor-0_1]: Start processing: pyequations
[2023-06-15 00:20:56] INFO root fetch - processPackages [ThreadPoolExecutor-0_2]: Start processing: sport80
[2023-06-15 00:20:56] INFO root fetch - processPackages [ThreadPoolExecutor-0_3]: Start processing: vipickle
[2023-06-15 00:20:56] INFO root fetch - processPackages [ThreadPoolExecutor-0_4]: Start processing: deephaven-core
[2023-06-15 00:20:56] INFO root fetch - processPackages [ThreadPoolExecutor-0_5]: Start processing: biobear
[2023-06-15 00:20:56] INFO root fetch - processPackages [ThreadPoolExecutor-0_6]: Start processing: deephaven-server
[2023-06-15 00:20:56] INFO root fetch - processPackages [ThreadPoolExecutor-0_7]: Start processing: trill-proteins
[2023-06-15 00:20:56] INFO root fetch - processPackages [pyequations]: New version: [0.1.4] Old Version: [0.1.3]
[2023-06-15 00:20:56] INFO root fetch - processPackages [deephaven-core]: New version: [0.25.2] Old Version: [0.25.1]
[2023-06-15 00:20:56] INFO root fetch - processPackages [sport80]: New version: [2.2.2] Old Version: [2.2.1]
[2023-06-15 00:20:56] WARNING root fetch - processPackages [vipickle]: Skipping, unable to determine old version
[2023-06-15 00:20:56] INFO root fetch - main [MainThread]: End processing [vipickle] error
[2023-06-15 00:20:56] INFO root fetch - processPackages [deephaven-server]: New version: [0.25.2] Old Version: [0.25.0]
[2023-06-15 00:20:56] INFO root fetch - processPackages [trill-proteins]: New version: [1.3.9] Old Version: [1.3.8]
[2023-06-15 00:20:56] INFO root fetch - processPackages [biobear]: New version: [0.5.0] Old Version: [0.4.0]
[2023-06-15 00:20:57] INFO root fetch - processPackages [vstutils]: New version: [5.4.9] Old Version: [5.4.8]
[2023-06-15 00:20:57] INFO root fetch - processPackages [sport80]: Downloading https://files.pythonhosted.org/packages/5d/33/60d799a65195f08989c61cc220a0259c7449b478af3c8b944fe8488c5f2c/sport80-2.2.1.tar.gz
[2023-06-15 00:20:57] INFO root fetch - processPackages [deephaven-core]: Downloading https://files.pythonhosted.org/packages/d2/bf/c74a7eb1c252225ab716a49ba04fe86637dbc3c0470d663fbee6b6455845/deephaven_core-0.25.1-py3-none-any.whl
[2023-06-15 00:20:57] INFO root fetch - processPackages [pyequations]: Downloading https://files.pythonhosted.org/packages/cd/98/46404ce32cb933d034dc7098d0d913573c94f61b91977fe59e5206d9112c/pyequations-0.1.3.tar.gz
[2023-06-15 00:20:57] INFO root fetch - processPackages [trill-proteins]: Downloading https://files.pythonhosted.org/packages/85/1a/ff8f25cfcf75d377567bb2829a2f9bdb653096043d6b2d68482fea2f60f1/trill_proteins-1.3.8.tar.gz
[2023-06-15 00:20:57] INFO root fetch - processPackages [deephaven-server]: Downloading https://files.pythonhosted.org/packages/23/1b/d08376a637a94e6c46882f3db0aa734f64b6f607ac5536e62df49165e759/deephaven_server-0.25.0-py3-none-any.whl
[2023-06-15 00:20:57] INFO root fetch - processPackages [biobear]: Downloading https://files.pythonhosted.org/packages/96/dd/4cdcda6cd85f282005af0f2f15783870b4f675f49e01305b8b0eb06c42e2/biobear-0.4.0.tar.gz
[2023-06-15 00:20:57] INFO root fetch - processPackages [vstutils]: Downloading https://files.pythonhosted.org/packages/93/71/ffc4838cd7e27cad7cd401f4d32e58bc09b0268ee7255474cad2eedb1029/vstutils-5.4.8.tar.gz
[2023-06-15 00:20:57] WARNING root fetch - processPackages [trill-proteins]: Skipping package: exceeds size limit 17264557>=10485760
[2023-06-15 00:20:57] INFO root fetch - main [MainThread]: End processing [trill-proteins] error
[2023-06-15 00:20:57] WARNING root fetch - processPackages [deephaven-server]: Skipping package: exceeds size limit 162094717>=10485760
[2023-06-15 00:20:57] INFO root fetch - main [MainThread]: End processing [deephaven-server] error
[2023-06-15 00:20:57] INFO root fetch - processPackages [sport80]: Downloading https://files.pythonhosted.org/packages/a6/1b/a1d0fcb80954bbf4179be25ddbda8b73ea0d61f940845960f79f8beaff25/sport80-2.2.2.tar.gz
[2023-06-15 00:20:57] INFO root fetch - processPackages [pyequations]: Downloading https://files.pythonhosted.org/packages/5f/0d/37c1900f7e4564a1eb8cc579c56d227622513fa81d4d7b7ffa29bee6e20b/pyequations-0.1.4.tar.gz
[2023-06-15 00:20:57] INFO root fetch - processPackages [deephaven-core]: Downloading https://files.pythonhosted.org/packages/2e/e4/a1133813a4c7beb78922cefbac8635b9dd81d73984e3939f49eb8b2d31ed/deephaven_core-0.25.2-py3-none-any.whl
[2023-06-15 00:20:57] INFO root fetch - processPackages [biobear]: Downloading https://files.pythonhosted.org/packages/ba/76/5947fb8841109c1a5dd244186f55d4d82528d93bcf0b459fd692967fdc3b/biobear-0.5.0-cp37-none-win32.whl
[2023-06-15 00:20:57] INFO root fetch - processPackages [sport80]: executing diffoscope
[2023-06-15 00:20:57] INFO root fetch - processPackages [sport80]: podman run --user 0:0 --rm -w /home/abi/fetcher -v /home/abi/fetcher/tmp:/home/abi/fetcher/tmp:ro -v /home/abi/fetcher/20230615:/home/abi/fetcher/20230615:rw registry.salsa.debian.org/reproducible-builds/diffoscope --no-progress tmp/sport80-2.2.1.tar.gz tmp/sport80-2.2.2.tar.gz --markdown 20230615/s/sport80/2.2.1-2.2.2/diff.md --exclude *.pyd
[2023-06-15 00:20:57] INFO root fetch - processPackages [pyequations]: executing diffoscope
[2023-06-15 00:20:57] INFO root fetch - processPackages [pyequations]: podman run --user 0:0 --rm -w /home/abi/fetcher -v /home/abi/fetcher/tmp:/home/abi/fetcher/tmp:ro -v /home/abi/fetcher/20230615:/home/abi/fetcher/20230615:rw registry.salsa.debian.org/reproducible-builds/diffoscope --no-progress tmp/pyequations-0.1.3.tar.gz tmp/pyequations-0.1.4.tar.gz --markdown 20230615/p/pyequations/0.1.3-0.1.4/diff.md --exclude *.pyd
[2023-06-15 00:20:57] INFO root fetch - processPackages [deephaven-core]: executing diffoscope
[2023-06-15 00:20:57] INFO root fetch - processPackages [deephaven-core]: podman run --user 0:0 --rm -w /home/abi/fetcher -v /home/abi/fetcher/tmp:/home/abi/fetcher/tmp:ro -v /home/abi/fetcher/20230615:/home/abi/fetcher/20230615:rw registry.salsa.debian.org/reproducible-builds/diffoscope --no-progress tmp/deephaven_core-0.25.1-py3-none-any.whl.zip tmp/deephaven_core-0.25.2-py3-none-any.whl.zip --markdown 20230615/d/deephaven-core/0.25.1-0.25.2/diff.md --exclude *.pyd
[2023-06-15 00:20:57] INFO root fetch - processPackages [vstutils]: Downloading https://files.pythonhosted.org/packages/c3/e9/d4abad63dcfc1004b5c1557a027354436691c249a98f05da7bf8d54b856f/vstutils-5.4.9.tar.gz
[2023-06-15 00:20:58] INFO root fetch - processPackages [vstutils]: executing diffoscope
[2023-06-15 00:20:58] INFO root fetch - processPackages [vstutils]: podman run --user 0:0 --rm -w /home/abi/fetcher -v /home/abi/fetcher/tmp:/home/abi/fetcher/tmp:ro -v /home/abi/fetcher/20230615:/home/abi/fetcher/20230615:rw registry.salsa.debian.org/reproducible-builds/diffoscope --no-progress tmp/vstutils-5.4.8.tar.gz tmp/vstutils-5.4.9.tar.gz --markdown 20230615/v/vstutils/5.4.8-5.4.9/diff.md --exclude *.pyd
[2023-06-15 00:20:58] WARNING root fetch - processPackages [biobear]: Skipping package: exceeds size limit 11057470>=10485760
[2023-06-15 00:20:58] INFO root fetch - main [MainThread]: End processing [biobear] error
[2023-06-15 00:20:58] INFO root fetch - processPackages [sport80]: Remove: archive file [/home/abi/fetcher/tmp/sport80-2.2.1.tar.gz]
[2023-06-15 00:20:58] INFO root fetch - processPackages [sport80]: Remove: archive file [/home/abi/fetcher/tmp/sport80-2.2.2.tar.gz]
[2023-06-15 00:20:58] INFO root fetch - main [MainThread]: End processing [sport80]: success
[2023-06-15 00:20:58] INFO root fetch - processPackages [pyequations]: Remove: archive file [/home/abi/fetcher/tmp/pyequations-0.1.3.tar.gz]
[2023-06-15 00:20:58] INFO root fetch - processPackages [pyequations]: Remove: archive file [/home/abi/fetcher/tmp/pyequations-0.1.4.tar.gz]
[2023-06-15 00:20:58] INFO root fetch - main [MainThread]: End processing [pyequations]: success
[2023-06-15 00:20:59] INFO root fetch - processPackages [deephaven-core]: Remove: archive file [/home/abi/fetcher/tmp/deephaven_core-0.25.1-py3-none-any.whl.zip]
[2023-06-15 00:20:59] INFO root fetch - processPackages [deephaven-core]: Remove: archive file [/home/abi/fetcher/tmp/deephaven_core-0.25.2-py3-none-any.whl.zip]
[2023-06-15 00:20:59] INFO root fetch - main [MainThread]: End processing [deephaven-core]: success
[2023-06-15 00:21:00] INFO root fetch - processPackages [vstutils]: Remove: archive file [/home/abi/fetcher/tmp/vstutils-5.4.8.tar.gz]
[2023-06-15 00:21:00] INFO root fetch - processPackages [vstutils]: Remove: archive file [/home/abi/fetcher/tmp/vstutils-5.4.9.tar.gz]
[2023-06-15 00:21:00] INFO root fetch - main [MainThread]: End processing [vstutils]: success
[2023-06-15 00:21:00] INFO root fetch - main [MainThread]: Store serial: [18507588]
